--- Copying files at Sun Sep 20 03:34:06 UTC 2020
INSTALLED plugins/workflow-multibranch.jpi : 2.21
INSTALLED plugins/plain-credentials.jpi : 1.7
INSTALLED plugins/docker-commons.jpi : 1.17
INSTALLED plugins/jacoco.jpi : 3.0.7
INSTALLED plugins/pipeline-utility-steps.jpi : 2.6.1
INSTALLED plugins/token-macro.jpi : 2.12
INSTALLED plugins/pipeline-stage-step.jpi : 2.5
INSTALLED plugins/github-api.jpi : 1.114.3
INSTALLED plugins/github-autostatus.jpi : 3.6.2
INSTALLED plugins/workflow-basic-steps.jpi : 2.20
INSTALLED plugins/pipeline-milestone-step.jpi : 1.3.1
INSTALLED plugins/pipeline-model-extensions.jpi : 1.7.0
INSTALLED plugins/workflow-cps.jpi : 2.81
INSTALLED plugins/envinject-api.jpi : 1.7
INSTALLED plugins/workflow-job.jpi : 2.39
INSTALLED plugins/github.jpi : 1.30.0
INSTALLED plugins/pipeline-model-api.jpi : 1.7.0
INSTALLED plugins/antisamy-markup-formatter.jpi : 2.1
INSTALLED plugins/command-launcher.jpi : 1.4
INSTALLED plugins/bouncycastle-api.jpi : 2.18
INSTALLED plugins/jsch.jpi : 0.1.55.2
INSTALLED plugins/cobertura.jpi : 1.16
INSTALLED plugins/junit.jpi : 1.29
INSTALLED plugins/docker-java-api.jpi : 3.1.5.2
INSTALLED plugins/configuration-as-code.jpi : 1.41
INSTALLED plugins/handlebars.jpi : 1.1.1
INSTALLED plugins/pipeline-graph-analysis.jpi : 1.10
INSTALLED plugins/workflow-api.jpi : 2.40
INSTALLED plugins/branch-api.jpi : 2.5.7
INSTALLED plugins/ace-editor.jpi : 1.1
INSTALLED plugins/workflow-durable-task-step.jpi : 2.35
INSTALLED plugins/docker-workflow.jpi : 1.23
INSTALLED plugins/pipeline-rest-api.jpi : 2.13
INSTALLED plugins/apache-httpcomponents-client-4-api.jpi : 4.5.10-2.0
INSTALLED plugins/timestamper.jpi : 1.11.3
INSTALLED plugins/ansicolor.jpi : 0.7.0
INSTALLED plugins/ssh-slaves.jpi : 1.31.2
INSTALLED plugins/resource-disposer.jpi : 0.14
INSTALLED plugins/docker-plugin.jpi : 1.2.0
INSTALLED plugins/mailer.jpi : 1.32
INSTALLED plugins/build-timeout.jpi : 1.20
INSTALLED plugins/simple-theme-plugin.jpi : 0.6
INSTALLED plugins/display-url-api.jpi : 2.3.2
INSTALLED plugins/git-client.jpi : 3.3.1
INSTALLED plugins/git.jpi : 4.3.0
INSTALLED plugins/pipeline-model-definition.jpi : 1.7.0
INSTALLED plugins/jdk-tool.jpi : 1.4
INSTALLED plugins/pipeline-aggregator-view.jpi : 1.11
INSTALLED plugins/code-coverage-api.jpi : 1.1.6
INSTALLED plugins/pipeline-build-step.jpi : 2.12
INSTALLED plugins/workflow-step-api.jpi : 2.22
INSTALLED plugins/matrix-project.jpi : 1.16
INSTALLED plugins/lockable-resources.jpi : 2.8
INSTALLED plugins/workflow-aggregator.jpi : 2.6
INSTALLED plugins/pipeline-stage-view.jpi : 2.13
INSTALLED plugins/git-server.jpi : 1.9
INSTALLED plugins/credentials.jpi : 2.3.11
INSTALLED plugins/workflow-scm-step.jpi : 2.11
INSTALLED plugins/docker-build-step.jpi : 2.4
INSTALLED plugins/pipeline-github-lib.jpi : 1.0
INSTALLED plugins/okhttp-api.jpi : 3.14.9
INSTALLED plugins/matrix-auth.jpi : 2.6.1
INSTALLED plugins/cloudbees-folder.jpi : 6.14
INSTALLED plugins/pipeline-input-step.jpi : 2.11
INSTALLED plugins/github-branch-source.jpi : 2.8.2
INSTALLED plugins/structs.jpi : 1.20
INSTALLED plugins/authentication-tokens.jpi : 1.4
INSTALLED plugins/durable-task.jpi : 1.34
INSTALLED plugins/workflow-cps-global-lib.jpi : 2.16
INSTALLED plugins/pipeline-stage-tags-metadata.jpi : 1.7.0
INSTALLED plugins/ssh-credentials.jpi : 1.18.1
INSTALLED plugins/trilead-api.jpi : 1.0.8
INSTALLED plugins/http_request.jpi : 1.8.26
INSTALLED plugins/script-security.jpi : 1.74
INSTALLED plugins/jackson2-api.jpi : 2.11.1
INSTALLED plugins/scm-api.jpi : 2.6.3
INSTALLED plugins/envinject.jpi : 2.3.0
INSTALLED plugins/snakeyaml-api.jpi : 1.26.4
INSTALLED plugins/momentjs.jpi : 1.1.1
INSTALLED plugins/ws-cleanup.jpi : 0.38
INSTALLED plugins/workflow-support.jpi : 3.5
INSTALLED plugins/jquery-detached.jpi : 1.2.1
INSTALLED plugins/credentials-binding.jpi : 1.23
--- Copying files at Sun Sep 20 03:41:57 UTC 2020
--- Copying files at Sun Sep 20 03:46:14 UTC 2020
